0 info it worked if it ends with ok
1 verbose cli [ 'D:\\WEB前端\\Web1101A\\node\\node1\\node.exe',
1 verbose cli   'D:\\WEB前端\\Web1101A\\node\\node1\\node_modules\\npm\\bin\\npm-cli.js',
1 verbose cli   'start' ]
2 info using npm@3.10.8
3 info using node@v7.0.0
4 verbose run-script [ 'prestart', 'start', 'poststart' ]
5 info lifecycle node1@0.0.0~prestart: node1@0.0.0
6 silly lifecycle node1@0.0.0~prestart: no script for prestart, continuing
7 info lifecycle node1@0.0.0~start: node1@0.0.0
8 verbose lifecycle node1@0.0.0~start: unsafe-perm in lifecycle true
9 verbose lifecycle node1@0.0.0~start: PATH: D:\WEB前端\Web1101A\node\node1\node_modules\npm\bin\node-gyp-bin;D:\WEB前端\Web1101A\node\node1\node_modules\.bin;C:\Program Files (x86)\NVIDIA Corporation\PhysX\Common;C:\Program Files (x86)\Intel\iCLS Client\;C:\Program Files\Intel\iCLS Client\;C:\Windows\system32;C:\Windows;C:\Windows\System32\Wbem;C:\Windows\System32\WindowsPowerShell\v1.0\;C:\Program Files\Intel\Intel(R) Management Engine Components\DAL;C:\Program Files\Intel\Intel(R) Management Engine Components\IPT;C:\Program Files (x86)\Intel\Intel(R) Management Engine Components\DAL;C:\Program Files (x86)\Intel\Intel(R) Management Engine Components\IPT;c:\Program Files (x86)\Microsoft SQL Server\100\Tools\Binn\;c:\Program Files\Microsoft SQL Server\100\Tools\Binn\;c:\Program Files\Microsoft SQL Server\100\DTS\Binn\;C:\Program Files\Microsoft SQL Server\110\DTS\Binn\;C:\Program Files (x86)\Microsoft SQL Server\110\Tools\Binn\;C:\Program Files\Microsoft SQL Server\110\Tools\Binn\;C:\Program Files (x86)\Microsoft SQL Server\110\Tools\Binn\ManagementStudio\;D:\Program Files (x86)\Microsoft Visual Studio 10.0\Common7\IDE\PrivateAssemblies\;C:\Program Files (x86)\Microsoft SQL Server\110\DTS\Binn\;D:\Git1\Git\cmd;D:\WEB前端\Web1101A\node\node1\;C:\Users\ASUS\AppData\Roaming\npm
10 verbose lifecycle node1@0.0.0~start: CWD: D:\WEB前端\Web1101A\node\node1
11 silly lifecycle node1@0.0.0~start: Args: [ '/d /s /c', 'node ./bin/www' ]
12 silly lifecycle node1@0.0.0~start: Returned: code: 1  signal: null
13 info lifecycle node1@0.0.0~start: Failed to exec start script
14 verbose stack Error: node1@0.0.0 start: `node ./bin/www`
14 verbose stack Exit status 1
14 verbose stack     at EventEmitter.<anonymous> (D:\WEB前端\Web1101A\node\node1\node_modules\npm\lib\utils\lifecycle.js:255:16)
14 verbose stack     at emitTwo (events.js:106:13)
14 verbose stack     at EventEmitter.emit (events.js:191:7)
14 verbose stack     at ChildProcess.<anonymous> (D:\WEB前端\Web1101A\node\node1\node_modules\npm\lib\utils\spawn.js:40:14)
14 verbose stack     at emitTwo (events.js:106:13)
14 verbose stack     at ChildProcess.emit (events.js:191:7)
14 verbose stack     at maybeClose (internal/child_process.js:877:16)
14 verbose stack     at Process.ChildProcess._handle.onexit (internal/child_process.js:226:5)
15 verbose pkgid node1@0.0.0
16 verbose cwd D:\WEB前端\Web1101A\node\node1
17 error Windows_NT 6.3.9600
18 error argv "D:\\WEB前端\\Web1101A\\node\\node1\\node.exe" "D:\\WEB前端\\Web1101A\\node\\node1\\node_modules\\npm\\bin\\npm-cli.js" "start"
19 error node v7.0.0
20 error npm  v3.10.8
21 error code ELIFECYCLE
22 error node1@0.0.0 start: `node ./bin/www`
22 error Exit status 1
23 error Failed at the node1@0.0.0 start script 'node ./bin/www'.
23 error Make sure you have the latest version of node.js and npm installed.
23 error If you do, this is most likely a problem with the node1 package,
23 error not with npm itself.
23 error Tell the author that this fails on your system:
23 error     node ./bin/www
23 error You can get information on how to open an issue for this project with:
23 error     npm bugs node1
23 error Or if that isn't available, you can get their info via:
23 error     npm owner ls node1
23 error There is likely additional logging output above.
24 verbose exit [ 1, true ]
